BioNetGen version 2.7.1
Reading from file /Users/jonathanfischer/Desktop/BNGL/Fce/2022_06_14__15_55_44/Fce.bngl (level 0)
Read 29 parameters.
Read 4 molecule types.
Read 4 species.
Read 7 observable(s).
Read 19 reaction rule(s).
ACTION: generate_network( Fce )
Iteration   0:     4 species      0 rxns  0.00e+00 CPU s
Iteration   1:     6 species      2 rxns  0.00e+00 CPU s
Iteration   2:     9 species      8 rxns  0.00e+00 CPU s
Iteration   3:    12 species     20 rxns  1.00e-02 CPU s
Iteration   4:    22 species     36 rxns  1.00e-02 CPU s
Iteration   5:    43 species    100 rxns  3.00e-02 CPU s
Iteration   6:    78 species    255 rxns  9.00e-02 CPU s
Iteration   7:   139 species    586 rxns  2.00e-01 CPU s
Iteration   8:   199 species   1190 rxns  4.20e-01 CPU s
Iteration   9:   303 species   1841 rxns  4.50e-01 CPU s
Iteration  10:   354 species   3143 rxns  7.20e-01 CPU s
Iteration  11:   354 species   3680 rxns  3.10e-01 CPU s
Cumulative CPU time for each rule
Rule   1:    48 reactions 6.00e-02 CPU s 1.25e-03 CPU s/rxn
Rule   2:  1152 reactions 6.40e-01 CPU s 5.56e-04 CPU s/rxn
Rule   3:   312 reactions 2.20e-01 CPU s 7.05e-04 CPU s/rxn
Rule   4:    36 reactions 4.00e-02 CPU s 1.11e-03 CPU s/rxn
Rule   5:    24 reactions 3.00e-02 CPU s 1.25e-03 CPU s/rxn
Rule   6:   312 reactions 1.80e-01 CPU s 5.77e-04 CPU s/rxn
Rule   7:    36 reactions 3.00e-02 CPU s 8.33e-04 CPU s/rxn
Rule   8:    24 reactions 4.00e-02 CPU s 1.67e-03 CPU s/rxn
Rule   9:   832 reactions 4.40e-01 CPU s 5.29e-04 CPU s/rxn
Rule  10:    48 reactions 4.00e-02 CPU s 8.33e-04 CPU s/rxn
Rule  11:    48 reactions 4.00e-02 CPU s 8.33e-04 CPU s/rxn
Rule  12:    64 reactions 8.00e-02 CPU s 1.25e-03 CPU s/rxn
Rule  13:    64 reactions 5.00e-02 CPU s 7.81e-04 CPU s/rxn
Rule  14:   156 reactions 8.00e-02 CPU s 5.13e-04 CPU s/rxn
Rule  15:   104 reactions 5.00e-02 CPU s 4.81e-04 CPU s/rxn
Rule  16:   208 reactions 1.00e-01 CPU s 4.81e-04 CPU s/rxn
Rule  17:   208 reactions 1.00e-01 CPU s 4.81e-04 CPU s/rxn
Rule  18:     2 reactions 1.00e-02 CPU s 5.00e-03 CPU s/rxn
Rule  19:     2 reactions 0.00e+00 CPU s 0.00e+00 CPU s/rxn
Total   :  3680 reactions 2.23e+00 CPU s 6.06e-04 CPU s/rxn
Wrote network in net format to ./Fce.net.
CPU TIME: generate_network 2.29 s.
ACTION: simulate( method=>"cvode" )
Network simulation using cvode
WARNING: writeFile(): Overwriting existing file ./Fce.net.
Wrote network in net format to ./Fce.net.
Running run_network on Jonathans-MacBook-Air.local
full command: /Users/jonathanfischer/miniforge3/envs/m1/lib/python3.9/site-packages/bionetgen/bng-mac/bin/run_network -o ./Fce -p cvode -a 1e-08 -r 1e-08 --cdat 1 --fdat 0 -g ./Fce.net ./Fce.net 1 10
[simulation PID is: 30876]
run_network 3.0
Read 29 parameters from ./Fce.net
Read 354 species from ./Fce.net
Read 7 group(s) from ./Fce.net
Read 0 function(s) from ./Fce.net
Read 3680 reaction(s) from ./Fce.net
3680 reaction(s) have nonzero rate
Initialization took 0.32 CPU seconds
Propagating with cvode using dense LU
Time course of concentrations written to file ./Fce.cdat.
Time course of groups written to file ./Fce.gdat.
Propagation took 1.70e-01 CPU seconds
Program times:  0.49 CPU s 0.00 clock s
Updating species concentrations from ./Fce.cdat
CPU TIME: simulate 0.54 s.
Set concentration of species Lig(l,l) to value Lig_tot
CPU TIME: setConcentration 0.00 s.
ACTION: simulate( method=>"cvode" )
Network simulation using cvode
WARNING: writeFile(): Overwriting existing file ./Fce.net.
Wrote network in net format to ./Fce.net.
Running run_network on Jonathans-MacBook-Air.local
full command: /Users/jonathanfischer/miniforge3/envs/m1/lib/python3.9/site-packages/bionetgen/bng-mac/bin/run_network -o ./Fce -p cvode -a 1e-08 -r 1e-08 --cdat 1 --fdat 0 -x -i 1.000000000000e+01 -g ./Fce.net ./Fce.net 1 990
[simulation PID is: 30878]
run_network 3.0
Read 29 parameters from ./Fce.net
Read 354 species from ./Fce.net
Read 7 group(s) from ./Fce.net
Read 0 function(s) from ./Fce.net
Read 3680 reaction(s) from ./Fce.net
3680 reaction(s) have nonzero rate
Initialization took 0.03 CPU seconds
Propagating with cvode using dense LU
Time course of concentrations written to file ./Fce.cdat.
Time course of groups written to file ./Fce.gdat.
Propagation took 7.40e-01 CPU seconds
Program times:  0.77 CPU s 1.00 clock s
Updating species concentrations from ./Fce.cdat
CPU TIME: simulate 0.85 s.
Finished processing file /Users/jonathanfischer/Desktop/BNGL/Fce/2022_06_14__15_55_44/Fce.bngl.
CPU TIME: total 3.71 s.