BioNetGen version 2.7.1
Reading from file /Users/jonathanfischer/Desktop/BNGL/new/2022_06_13__18_33_01/new.bngl (level 0)
Read 2 species.
Read 3 observable(s).
Read 1 reaction rule(s).
ACTION: simulate( method=>"cvode" )
ACTION: generate_network( new )
Iteration   0:     2 species      0 rxns  0.00e+00 CPU s
Iteration   1:     3 species      1 rxns  0.00e+00 CPU s
Iteration   2:     3 species      2 rxns  0.00e+00 CPU s
Cumulative CPU time for each rule
Rule   1:     2 reactions 0.00e+00 CPU s 0.00e+00 CPU s/rxn
Total   :     2 reactions 0.00e+00 CPU s 0.00e+00 CPU s/rxn
Wrote network in net format to ./new.net.
Network simulation using cvode
WARNING: writeFile(): Overwriting existing file ./new.net.
Wrote network in net format to ./new.net.
Running run_network on Jonathans-MacBook-Air.local
full command: /Users/jonathanfischer/miniforge3/envs/m1/lib/python3.9/site-packages/bionetgen/bng-mac/bin/run_network -o ./new -p cvode -a 1e-08 -r 1e-08 --cdat 1 --fdat 0 -g ./new.net ./new.net 0.05 200
[simulation PID is: 51622]
run_network 3.0
Read 2 parameters from ./new.net
Read 3 species from ./new.net
Read 3 group(s) from ./new.net
Read 0 function(s) from ./new.net
Read 2 reaction(s) from ./new.net
2 reaction(s) have nonzero rate
Initialization took 0.28 CPU seconds
Propagating with cvode using dense LU
Time course of concentrations written to file ./new.cdat.
Time course of groups written to file ./new.gdat.
Propagation took 0.00e+00 CPU seconds
Program times:  0.28 CPU s 0.00 clock s
Updating species concentrations from ./new.cdat
CPU TIME: simulate 0.28 s.
Finished processing file /Users/jonathanfischer/Desktop/BNGL/new/2022_06_13__18_33_01/new.bngl.
CPU TIME: total 0.28 s.