BioNetGen version 2.7.1
Reading from file /Users/jonathanfischer/Desktop/BNGL/simple2/2022_06_14__22_38_23/simple2.bngl (level 0)
Read 14 parameters.
Read 3 molecule types.
Read 3 species.
Read 7 observable(s).
Read 4 reaction rule(s).
ACTION: simulate( method=>"cvode" )
ACTION: generate_network( simple2 )
Iteration   0:     3 species      0 rxns  0.00e+00 CPU s
Iteration   1:     4 species      1 rxns  0.00e+00 CPU s
Iteration   2:     5 species      2 rxns  0.00e+00 CPU s
Iteration   3:     6 species      4 rxns  0.00e+00 CPU s
Iteration   4:     6 species      6 rxns  0.00e+00 CPU s
Cumulative CPU time for each rule
Rule   1:     1 reactions 0.00e+00 CPU s 0.00e+00 CPU s/rxn
Rule   2:     1 reactions 0.00e+00 CPU s 0.00e+00 CPU s/rxn
Rule   3:     2 reactions 0.00e+00 CPU s 0.00e+00 CPU s/rxn
Rule   4:     2 reactions 0.00e+00 CPU s 0.00e+00 CPU s/rxn
Total   :     6 reactions 0.00e+00 CPU s 0.00e+00 CPU s/rxn
Wrote network in net format to ./simple2.net.
Network simulation using cvode
WARNING: writeFile(): Overwriting existing file ./simple2.net.
Wrote network in net format to ./simple2.net.
Running run_network on Jonathans-MacBook-Air.local
full command: /Users/jonathanfischer/miniforge3/envs/m1/lib/python3.9/site-packages/bionetgen/bng-mac/bin/run_network -o ./simple2 -p cvode -a 1e-08 -r 1e-08 --cdat 1 --fdat 0 -g ./simple2.net ./simple2.net 0.01 10000
[simulation PID is: 36539]
run_network 3.0
Read 14 parameters from ./simple2.net
Read 6 species from ./simple2.net
Read 7 group(s) from ./simple2.net
Read 2 function(s) from ./simple2.net
Read 6 reaction(s) from ./simple2.net
6 reaction(s) have nonzero rate
Initialization took 0.33 CPU seconds
Propagating with cvode using dense LU
Time course of concentrations written to file ./simple2.cdat.
Time course of groups written to file ./simple2.gdat.
Propagation took 1.00e-01 CPU seconds
Program times:  0.43 CPU s 1.00 clock s
Updating species concentrations from ./simple2.cdat
CPU TIME: simulate 0.44 s.
Finished processing file /Users/jonathanfischer/Desktop/BNGL/simple2/2022_06_14__22_38_23/simple2.bngl.
CPU TIME: total 0.45 s.