BioNetGen version 2.7.1
Reading from file /Users/jonathanfischer/Desktop/BNGL/simple2working/2022_06_21__20_40_36/simple2working.bngl (level 0)
Read 12 parameters.
Read 3 molecule types.
Read 3 species.
Read 7 observable(s).
Read 5 reaction rule(s).
ACTION: simulate( method=>"cvode" )
ACTION: generate_network( simple2working )
Iteration   0:     3 species      0 rxns  0.00e+00 CPU s
Iteration   1:     4 species      1 rxns  0.00e+00 CPU s
Iteration   2:     5 species      3 rxns  0.00e+00 CPU s
Iteration   3:     6 species      4 rxns  0.00e+00 CPU s
Iteration   4:     7 species      6 rxns  0.00e+00 CPU s
Iteration   5:     8 species      8 rxns  0.00e+00 CPU s
Iteration   6:     8 species     10 rxns  0.00e+00 CPU s
Cumulative CPU time for each rule
Rule   1:     2 reactions 0.00e+00 CPU s 0.00e+00 CPU s/rxn
Rule   2:     2 reactions 0.00e+00 CPU s 0.00e+00 CPU s/rxn
Rule   3:     2 reactions 0.00e+00 CPU s 0.00e+00 CPU s/rxn
Rule   4:     2 reactions 0.00e+00 CPU s 0.00e+00 CPU s/rxn
Rule   5:     2 reactions 0.00e+00 CPU s 0.00e+00 CPU s/rxn
Total   :    10 reactions 0.00e+00 CPU s 0.00e+00 CPU s/rxn
Wrote network in net format to ./simple2working.net.
Network simulation using cvode
WARNING: writeFile(): Overwriting existing file ./simple2working.net.
Wrote network in net format to ./simple2working.net.
Running run_network on Jonathans-MacBook-Air.local
full command: /Users/jonathanfischer/miniforge3/envs/m1/lib/python3.9/site-packages/bionetgen/bng-mac/bin/run_network -o ./simple2working -p cvode -a 1e-08 -r 1e-08 --cdat 1 --fdat 0 -g ./simple2working.net ./simple2working.net 0.01 10000
[simulation PID is: 63887]
run_network 3.0
Read 12 parameters from ./simple2working.net
Read 8 species from ./simple2working.net
Read 7 group(s) from ./simple2working.net
Read 0 function(s) from ./simple2working.net
Read 10 reaction(s) from ./simple2working.net
10 reaction(s) have nonzero rate
Initialization took 0.01 CPU seconds
Propagating with cvode using dense LU
Time course of concentrations written to file ./simple2working.cdat.
Time course of groups written to file ./simple2working.gdat.
Propagation took 1.10e-01 CPU seconds
Program times:  0.12 CPU s 0.00 clock s
Updating species concentrations from ./simple2working.cdat
CPU TIME: simulate 0.13 s.
Finished processing file /Users/jonathanfischer/Desktop/BNGL/simple2working/2022_06_21__20_40_36/simple2working.bngl.
CPU TIME: total 0.14 s.