BioNetGen version 2.7.1
Reading from file /Users/jonathanfischer/Desktop/BNGL/simple/2022_06_21__19_39_27/simple.bngl (level 0)
Read 6 parameters.
Read 2 molecule types.
Read 2 species.
Read 3 observable(s).
Read 2 reaction rule(s).
ACTION: simulate( method=>"cvode" )
ACTION: generate_network( simple )
Iteration   0:     2 species      0 rxns  0.00e+00 CPU s
Iteration   1:     3 species      1 rxns  0.00e+00 CPU s
Iteration   2:     4 species      3 rxns  0.00e+00 CPU s
Iteration   3:     4 species      3 rxns  0.00e+00 CPU s
Cumulative CPU time for each rule
Rule   1:     2 reactions 0.00e+00 CPU s 0.00e+00 CPU s/rxn
Rule   2:     1 reactions 0.00e+00 CPU s 0.00e+00 CPU s/rxn
Total   :     3 reactions 0.00e+00 CPU s 0.00e+00 CPU s/rxn
Wrote network in net format to ./simple.net.
Network simulation using cvode
WARNING: writeFile(): Overwriting existing file ./simple.net.
Wrote network in net format to ./simple.net.
Running run_network on Jonathans-MacBook-Air.local
full command: /Users/jonathanfischer/miniforge3/envs/m1/lib/python3.9/site-packages/bionetgen/bng-mac/bin/run_network -o ./simple -p cvode -a 1e-08 -r 1e-08 -b --cdat 1 --fdat 0 -g ./simple.net ./simple.net 0.01 10000
[simulation PID is: 63112]
run_network 3.0
Read 6 parameters from ./simple.net
Read 4 species from ./simple.net
Read 3 group(s) from ./simple.net
Read 0 function(s) from ./simple.net
Read 3 reaction(s) from ./simple.net
3 reaction(s) have nonzero rate
Initialization took 0.27 CPU seconds
Propagating with cvode using GMRES
Time course of concentrations written to file ./simple.cdat.
Time course of groups written to file ./simple.gdat.
Propagation took 8.00e-02 CPU seconds
Program times:  0.35 CPU s 0.00 clock s
Updating species concentrations from ./simple.cdat
CPU TIME: simulate 0.36 s.
Finished processing file /Users/jonathanfischer/Desktop/BNGL/simple/2022_06_21__19_39_27/simple.bngl.
CPU TIME: total 0.36 s.