BioNetGen version 2.7.1
Reading from file /Users/jonathanfischer/Desktop/BNGL/simple2noR4/2022_06_22__17_47_40/simple2noR4.bngl (level 0)
Read 14 parameters.
Read 3 molecule types.
Read 3 species.
Read 7 observable(s).
Read 4 reaction rule(s).
ACTION: simulate( method=>"cvode" )
ACTION: generate_network( simple2noR4 )
Iteration   0:     3 species      0 rxns  0.00e+00 CPU s
Iteration   1:     4 species      1 rxns  0.00e+00 CPU s
Iteration   2:     5 species      3 rxns  0.00e+00 CPU s
Iteration   3:     6 species      4 rxns  0.00e+00 CPU s
Iteration   4:     7 species      6 rxns  1.00e-02 CPU s
Iteration   5:     7 species      7 rxns  0.00e+00 CPU s
Cumulative CPU time for each rule
Rule   1:     2 reactions 1.00e-02 CPU s 5.00e-03 CPU s/rxn
Rule   2:     1 reactions 0.00e+00 CPU s 0.00e+00 CPU s/rxn
Rule   3:     2 reactions 0.00e+00 CPU s 0.00e+00 CPU s/rxn
Rule   4:     2 reactions 0.00e+00 CPU s 0.00e+00 CPU s/rxn
Total   :     7 reactions 1.00e-02 CPU s 1.43e-03 CPU s/rxn
Wrote network in net format to ./simple2noR4.net.
Network simulation using cvode
WARNING: writeFile(): Overwriting existing file ./simple2noR4.net.
Wrote network in net format to ./simple2noR4.net.
Running run_network on Jonathans-MacBook-Air.local
full command: /Users/jonathanfischer/miniforge3/envs/m1/lib/python3.9/site-packages/bionetgen/bng-mac/bin/run_network -o ./simple2noR4 -p cvode -a 1e-08 -r 1e-08 --cdat 1 --fdat 0 -g ./simple2noR4.net ./simple2noR4.net 0.0001 10000
[simulation PID is: 68957]
run_network 3.0
Read 14 parameters from ./simple2noR4.net
Read 7 species from ./simple2noR4.net
Read 7 group(s) from ./simple2noR4.net
Read 0 function(s) from ./simple2noR4.net
Read 7 reaction(s) from ./simple2noR4.net
7 reaction(s) have nonzero rate
Initialization took 0.30 CPU seconds
Propagating with cvode using dense LU
Time course of concentrations written to file ./simple2noR4.cdat.
Time course of groups written to file ./simple2noR4.gdat.
Propagation took 1.10e-01 CPU seconds
Program times:  0.41 CPU s 0.00 clock s
Updating species concentrations from ./simple2noR4.cdat
CPU TIME: simulate 0.42 s.
Finished processing file /Users/jonathanfischer/Desktop/BNGL/simple2noR4/2022_06_22__17_47_40/simple2noR4.bngl.
CPU TIME: total 0.44 s.